Terminals unused in grammar

    XML_COMMENT
    XML_UNDEFINED


Grammar

    0 $accept: xml_plist_main $end

    1 xml_plist_main: xml_prologue xml_doctype xml_tag_open xml_tags xml_tag_close

    2 xml_prologue: %empty
    3             | XML_PROLOGUE

    4 xml_doctype: %empty
    5            | XML_DOCTYPE

    6 xml_tags: %empty
    7         | xml_tag xml_tags

    8 xml_tag: xml_tag_open xml_tags xml_tag_close
    9        | xml_tag_open xml_tag_content xml_tag_close
   10        | xml_tag_single

   11 xml_tag_open_start: XML_TAG_OPEN_START

   12 xml_tag_open: xml_tag_open_start xml_attributes XML_TAG_END

   13 xml_tag_single: xml_tag_open_start xml_attributes XML_TAG_END_SINGLE

   14 xml_tag_close: XML_TAG_CLOSE

   15 xml_tag_content: XML_TAG_CONTENT

   16 xml_attributes: %empty
   17               | xml_attribute xml_attributes

   18 xml_attribute: XML_ATTRIBUTE_NAME XML_ATTRIBUTE_ASSIGN XML_ATTRIBUTE_VALUE


Terminals, with rules where they appear

    $end (0) 0
    error (256)
    XML_ATTRIBUTE_ASSIGN (258) 18
    XML_COMMENT (259)
    XML_DOCTYPE (260) 5
    XML_PROLOGUE (261) 3
    XML_TAG_END (262) 12
    XML_TAG_END_SINGLE (263) 13
    XML_UNDEFINED (264)
    XML_ATTRIBUTE_NAME <string_value> (265) 18
    XML_ATTRIBUTE_VALUE <string_value> (266) 18
    XML_TAG_CLOSE <string_value> (267) 14
    XML_TAG_CONTENT <string_value> (268) 15
    XML_TAG_OPEN_START <string_value> (269) 11


Nonterminals, with rules where they appear

    $accept (15)
        on left: 0
    xml_plist_main (16)
        on left: 1
        on right: 0
    xml_prologue (17)
        on left: 2 3
        on right: 1
    xml_doctype (18)
        on left: 4 5
        on right: 1
    xml_tags (19)
        on left: 6 7
        on right: 1 7 8
    xml_tag (20)
        on left: 8 9 10
        on right: 7
    xml_tag_open_start (21)
        on left: 11
        on right: 12 13
    xml_tag_open (22)
        on left: 12
        on right: 1 8 9
    xml_tag_single (23)
        on left: 13
        on right: 10
    xml_tag_close (24)
        on left: 14
        on right: 1 8 9
    xml_tag_content (25)
        on left: 15
        on right: 9
    xml_attributes (26)
        on left: 16 17
        on right: 12 13 17
    xml_attribute (27)
        on left: 18
        on right: 17


State 0

    0 $accept: . xml_plist_main $end

    XML_PROLOGUE  shift, and go to state 1

    $default  reduce using rule 2 (xml_prologue)

    xml_plist_main  go to state 2
    xml_prologue    go to state 3


State 1

    3 xml_prologue: XML_PROLOGUE .

    $default  reduce using rule 3 (xml_prologue)


State 2

    0 $accept: xml_plist_main . $end

    $end  shift, and go to state 4


State 3

    1 xml_plist_main: xml_prologue . xml_doctype xml_tag_open xml_tags xml_tag_close

    XML_DOCTYPE  shift, and go to state 5

    $default  reduce using rule 4 (xml_doctype)

    xml_doctype  go to state 6


State 4

    0 $accept: xml_plist_main $end .

    $default  accept


State 5

    5 xml_doctype: XML_DOCTYPE .

    $default  reduce using rule 5 (xml_doctype)


State 6

    1 xml_plist_main: xml_prologue xml_doctype . xml_tag_open xml_tags xml_tag_close

    XML_TAG_OPEN_START  shift, and go to state 7

    xml_tag_open_start  go to state 8
    xml_tag_open        go to state 9


State 7

   11 xml_tag_open_start: XML_TAG_OPEN_START .

    $default  reduce using rule 11 (xml_tag_open_start)


State 8

   12 xml_tag_open: xml_tag_open_start . xml_attributes XML_TAG_END

    XML_ATTRIBUTE_NAME  shift, and go to state 10

    $default  reduce using rule 16 (xml_attributes)

    xml_attributes  go to state 11
    xml_attribute   go to state 12


State 9

    1 xml_plist_main: xml_prologue xml_doctype xml_tag_open . xml_tags xml_tag_close

    XML_TAG_OPEN_START  shift, and go to state 7

    $default  reduce using rule 6 (xml_tags)

    xml_tags            go to state 13
    xml_tag             go to state 14
    xml_tag_open_start  go to state 15
    xml_tag_open        go to state 16
    xml_tag_single      go to state 17


State 10

   18 xml_attribute: XML_ATTRIBUTE_NAME . XML_ATTRIBUTE_ASSIGN XML_ATTRIBUTE_VALUE

    XML_ATTRIBUTE_ASSIGN  shift, and go to state 18


State 11

   12 xml_tag_open: xml_tag_open_start xml_attributes . XML_TAG_END

    XML_TAG_END  shift, and go to state 19


State 12

   17 xml_attributes: xml_attribute . xml_attributes

    XML_ATTRIBUTE_NAME  shift, and go to state 10

    $default  reduce using rule 16 (xml_attributes)

    xml_attributes  go to state 20
    xml_attribute   go to state 12


State 13

    1 xml_plist_main: xml_prologue xml_doctype xml_tag_open xml_tags . xml_tag_close

    XML_TAG_CLOSE  shift, and go to state 21

    xml_tag_close  go to state 22


State 14

    7 xml_tags: xml_tag . xml_tags

    XML_TAG_OPEN_START  shift, and go to state 7

    $default  reduce using rule 6 (xml_tags)

    xml_tags            go to state 23
    xml_tag             go to state 14
    xml_tag_open_start  go to state 15
    xml_tag_open        go to state 16
    xml_tag_single      go to state 17


State 15

   12 xml_tag_open: xml_tag_open_start . xml_attributes XML_TAG_END
   13 xml_tag_single: xml_tag_open_start . xml_attributes XML_TAG_END_SINGLE

    XML_ATTRIBUTE_NAME  shift, and go to state 10

    $default  reduce using rule 16 (xml_attributes)

    xml_attributes  go to state 24
    xml_attribute   go to state 12


State 16

    8 xml_tag: xml_tag_open . xml_tags xml_tag_close
    9        | xml_tag_open . xml_tag_content xml_tag_close

    XML_TAG_CONTENT     shift, and go to state 25
    XML_TAG_OPEN_START  shift, and go to state 7

    $default  reduce using rule 6 (xml_tags)

    xml_tags            go to state 26
    xml_tag             go to state 14
    xml_tag_open_start  go to state 15
    xml_tag_open        go to state 16
    xml_tag_single      go to state 17
    xml_tag_content     go to state 27


State 17

   10 xml_tag: xml_tag_single .

    $default  reduce using rule 10 (xml_tag)


State 18

   18 xml_attribute: XML_ATTRIBUTE_NAME XML_ATTRIBUTE_ASSIGN . XML_ATTRIBUTE_VALUE

    XML_ATTRIBUTE_VALUE  shift, and go to state 28


State 19

   12 xml_tag_open: xml_tag_open_start xml_attributes XML_TAG_END .

    $default  reduce using rule 12 (xml_tag_open)


State 20

   17 xml_attributes: xml_attribute xml_attributes .

    $default  reduce using rule 17 (xml_attributes)


State 21

   14 xml_tag_close: XML_TAG_CLOSE .

    $default  reduce using rule 14 (xml_tag_close)


State 22

    1 xml_plist_main: xml_prologue xml_doctype xml_tag_open xml_tags xml_tag_close .

    $default  reduce using rule 1 (xml_plist_main)


State 23

    7 xml_tags: xml_tag xml_tags .

    $default  reduce using rule 7 (xml_tags)


State 24

   12 xml_tag_open: xml_tag_open_start xml_attributes . XML_TAG_END
   13 xml_tag_single: xml_tag_open_start xml_attributes . XML_TAG_END_SINGLE

    XML_TAG_END         shift, and go to state 19
    XML_TAG_END_SINGLE  shift, and go to state 29


State 25

   15 xml_tag_content: XML_TAG_CONTENT .

    $default  reduce using rule 15 (xml_tag_content)


State 26

    8 xml_tag: xml_tag_open xml_tags . xml_tag_close

    XML_TAG_CLOSE  shift, and go to state 21

    xml_tag_close  go to state 30


State 27

    9 xml_tag: xml_tag_open xml_tag_content . xml_tag_close

    XML_TAG_CLOSE  shift, and go to state 21

    xml_tag_close  go to state 31


State 28

   18 xml_attribute: XML_ATTRIBUTE_NAME XML_ATTRIBUTE_ASSIGN XML_ATTRIBUTE_VALUE .

    $default  reduce using rule 18 (xml_attribute)


State 29

   13 xml_tag_single: xml_tag_open_start xml_attributes XML_TAG_END_SINGLE .

    $default  reduce using rule 13 (xml_tag_single)


State 30

    8 xml_tag: xml_tag_open xml_tags xml_tag_close .

    $default  reduce using rule 8 (xml_tag)


State 31

    9 xml_tag: xml_tag_open xml_tag_content xml_tag_close .

    $default  reduce using rule 9 (xml_tag)
